Determining if the pthread_create exist failed with the following output:
Change Dir: /home/yu/ros/workspace/src/build/CMakeFiles/CMakeTmp

Run Build Command:"/usr/bin/make" "cmTC_a08ea/fast"
/usr/bin/make -f CMakeFiles/cmTC_a08ea.dir/build.make CMakeFiles/cmTC_a08ea.dir/build
make[1]: Entering directory '/home/yu/ros/workspace/src/build/CMakeFiles/CMakeTmp'
Building C object CMakeFiles/cmTC_a08ea.dir/CheckSymbolExists.c.o
/usr/bin/x86_64-linux-gnu-gcc-5     -o CMakeFiles/cmTC_a08ea.dir/CheckSymbolExists.c.o   -c /home/yu/ros/workspace/src/build/CMakeFiles/CMakeTmp/CheckSymbolExists.c
Linking C executable cmTC_a08ea
/usr/bin/cmake -E cmake_link_script CMakeFiles/cmTC_a08ea.dir/link.txt --verbose=1
/usr/bin/x86_64-linux-gnu-gcc-5       CMakeFiles/cmTC_a08ea.dir/CheckSymbolExists.c.o  -o cmTC_a08ea -rdynamic 
CMakeFiles/cmTC_a08ea.dir/CheckSymbolExists.c.o: In function `main':
CheckSymbolExists.c:(.text+0x16): undefined reference to `pthread_create'
collect2: error: ld returned 1 exit status
CMakeFiles/cmTC_a08ea.dir/build.make:97: recipe for target 'cmTC_a08ea' failed
make[1]: *** [cmTC_a08ea] Error 1
make[1]: Leaving directory '/home/yu/ros/workspace/src/build/CMakeFiles/CMakeTmp'
Makefile:126: recipe for target 'cmTC_a08ea/fast' failed
make: *** [cmTC_a08ea/fast] Error 2

File /home/yu/ros/workspace/src/build/CMakeFiles/CMakeTmp/CheckSymbolExists.c:
/* */
#include <pthread.h>

int main(int argc, char** argv)
{
  (void)argv;
#ifndef pthread_create
  return ((int*)(&pthread_create))[argc];
#else
  (void)argc;
  return 0;
#endif
}

Determining if the function pthread_create exists in the pthreads failed with the following output:
Change Dir: /home/yu/ros/workspace/src/build/CMakeFiles/CMakeTmp

Run Build Command:"/usr/bin/make" "cmTC_adf1f/fast"
/usr/bin/make -f CMakeFiles/cmTC_adf1f.dir/build.make CMakeFiles/cmTC_adf1f.dir/build
make[1]: Entering directory '/home/yu/ros/workspace/src/build/CMakeFiles/CMakeTmp'
Building C object CMakeFiles/cmTC_adf1f.dir/CheckFunctionExists.c.o
/usr/bin/x86_64-linux-gnu-gcc-5    -DCHECK_FUNCTION_EXISTS=pthread_create   -o CMakeFiles/cmTC_adf1f.dir/CheckFunctionExists.c.o   -c /usr/share/cmake-3.5/Modules/CheckFunctionExists.c
Linking C executable cmTC_adf1f
/usr/bin/cmake -E cmake_link_script CMakeFiles/cmTC_adf1f.dir/link.txt --verbose=1
/usr/bin/x86_64-linux-gnu-gcc-5   -DCHECK_FUNCTION_EXISTS=pthread_create    CMakeFiles/cmTC_adf1f.dir/CheckFunctionExists.c.o  -o cmTC_adf1f -rdynamic -lpthreads 
/usr/bin/ld: cannot find -lpthreads
collect2: error: ld returned 1 exit status
CMakeFiles/cmTC_adf1f.dir/build.make:97: recipe for target 'cmTC_adf1f' failed
make[1]: *** [cmTC_adf1f] Error 1
make[1]: Leaving directory '/home/yu/ros/workspace/src/build/CMakeFiles/CMakeTmp'
Makefile:126: recipe for target 'cmTC_adf1f/fast' failed
make: *** [cmTC_adf1f/fast] Error 2


