Determining if the pthread_create exist failed with the following output:
Change Dir: /home/yu/ros/workspace/src/ws_moveit/build/CMakeFiles/CMakeTmp

Run Build Command:"/usr/bin/make" "cmTC_8b711/fast"
/usr/bin/make -f CMakeFiles/cmTC_8b711.dir/build.make CMakeFiles/cmTC_8b711.dir/build
make[1]: Entering directory '/home/yu/ros/workspace/src/ws_moveit/build/CMakeFiles/CMakeTmp'
Building C object CMakeFiles/cmTC_8b711.dir/CheckSymbolExists.c.o
/usr/bin/cc     -o CMakeFiles/cmTC_8b711.dir/CheckSymbolExists.c.o   -c /home/yu/ros/workspace/src/ws_moveit/build/CMakeFiles/CMakeTmp/CheckSymbolExists.c
Linking C executable cmTC_8b711
/usr/bin/cmake -E cmake_link_script CMakeFiles/cmTC_8b711.dir/link.txt --verbose=1
/usr/bin/cc       CMakeFiles/cmTC_8b711.dir/CheckSymbolExists.c.o  -o cmTC_8b711 -rdynamic 
CMakeFiles/cmTC_8b711.dir/CheckSymbolExists.c.o: In function `main':
CheckSymbolExists.c:(.text+0x16): undefined reference to `pthread_create'
collect2: error: ld returned 1 exit status
CMakeFiles/cmTC_8b711.dir/build.make:97: recipe for target 'cmTC_8b711' failed
make[1]: *** [cmTC_8b711] Error 1
make[1]: Leaving directory '/home/yu/ros/workspace/src/ws_moveit/build/CMakeFiles/CMakeTmp'
Makefile:126: recipe for target 'cmTC_8b711/fast' failed
make: *** [cmTC_8b711/fast] Error 2

File /home/yu/ros/workspace/src/ws_moveit/build/CMakeFiles/CMakeTmp/CheckSymbolExists.c:
/* */
#include <pthread.h>

int main(int argc, char** argv)
{
  (void)argv;
#ifndef pthread_create
  return ((int*)(&pthread_create))[argc];
#else
  (void)argc;
  return 0;
#endif
}

Determining if the function pthread_create exists in the pthreads failed with the following output:
Change Dir: /home/yu/ros/workspace/src/ws_moveit/build/CMakeFiles/CMakeTmp

Run Build Command:"/usr/bin/make" "cmTC_5685a/fast"
/usr/bin/make -f CMakeFiles/cmTC_5685a.dir/build.make CMakeFiles/cmTC_5685a.dir/build
make[1]: Entering directory '/home/yu/ros/workspace/src/ws_moveit/build/CMakeFiles/CMakeTmp'
Building C object CMakeFiles/cmTC_5685a.dir/CheckFunctionExists.c.o
/usr/bin/cc    -DCHECK_FUNCTION_EXISTS=pthread_create   -o CMakeFiles/cmTC_5685a.dir/CheckFunctionExists.c.o   -c /usr/share/cmake-3.5/Modules/CheckFunctionExists.c
Linking C executable cmTC_5685a
/usr/bin/cmake -E cmake_link_script CMakeFiles/cmTC_5685a.dir/link.txt --verbose=1
/usr/bin/cc   -DCHECK_FUNCTION_EXISTS=pthread_create    CMakeFiles/cmTC_5685a.dir/CheckFunctionExists.c.o  -o cmTC_5685a -rdynamic -lpthreads 
/usr/bin/ld: cannot find -lpthreads
collect2: error: ld returned 1 exit status
CMakeFiles/cmTC_5685a.dir/build.make:97: recipe for target 'cmTC_5685a' failed
make[1]: *** [cmTC_5685a] Error 1
make[1]: Leaving directory '/home/yu/ros/workspace/src/ws_moveit/build/CMakeFiles/CMakeTmp'
Makefile:126: recipe for target 'cmTC_5685a/fast' failed
make: *** [cmTC_5685a/fast] Error 2


