Determining if the pthread_create exist failed with the following output:
Change Dir: /home/yu/ros/workspace/src/detect_aruco/build/CMakeFiles/CMakeTmp

Run Build Command:"/usr/bin/make" "cmTC_6cfe4/fast"
/usr/bin/make -f CMakeFiles/cmTC_6cfe4.dir/build.make CMakeFiles/cmTC_6cfe4.dir/build
make[1]: Entering directory '/home/yu/ros/workspace/src/detect_aruco/build/CMakeFiles/CMakeTmp'
Building C object CMakeFiles/cmTC_6cfe4.dir/CheckSymbolExists.c.o
/usr/bin/x86_64-linux-gnu-gcc-5     -o CMakeFiles/cmTC_6cfe4.dir/CheckSymbolExists.c.o   -c /home/yu/ros/workspace/src/detect_aruco/build/CMakeFiles/CMakeTmp/CheckSymbolExists.c
Linking C executable cmTC_6cfe4
/usr/bin/cmake -E cmake_link_script CMakeFiles/cmTC_6cfe4.dir/link.txt --verbose=1
/usr/bin/x86_64-linux-gnu-gcc-5       CMakeFiles/cmTC_6cfe4.dir/CheckSymbolExists.c.o  -o cmTC_6cfe4 -rdynamic 
CMakeFiles/cmTC_6cfe4.dir/CheckSymbolExists.c.o: In function `main':
CheckSymbolExists.c:(.text+0x16): undefined reference to `pthread_create'
collect2: error: ld returned 1 exit status
CMakeFiles/cmTC_6cfe4.dir/build.make:97: recipe for target 'cmTC_6cfe4' failed
make[1]: *** [cmTC_6cfe4] Error 1
make[1]: Leaving directory '/home/yu/ros/workspace/src/detect_aruco/build/CMakeFiles/CMakeTmp'
Makefile:126: recipe for target 'cmTC_6cfe4/fast' failed
make: *** [cmTC_6cfe4/fast] Error 2

File /home/yu/ros/workspace/src/detect_aruco/build/CMakeFiles/CMakeTmp/CheckSymbolExists.c:
/* */
#include <pthread.h>

int main(int argc, char** argv)
{
  (void)argv;
#ifndef pthread_create
  return ((int*)(&pthread_create))[argc];
#else
  (void)argc;
  return 0;
#endif
}

Determining if the function pthread_create exists in the pthreads failed with the following output:
Change Dir: /home/yu/ros/workspace/src/detect_aruco/build/CMakeFiles/CMakeTmp

Run Build Command:"/usr/bin/make" "cmTC_2ebcb/fast"
/usr/bin/make -f CMakeFiles/cmTC_2ebcb.dir/build.make CMakeFiles/cmTC_2ebcb.dir/build
make[1]: Entering directory '/home/yu/ros/workspace/src/detect_aruco/build/CMakeFiles/CMakeTmp'
Building C object CMakeFiles/cmTC_2ebcb.dir/CheckFunctionExists.c.o
/usr/bin/x86_64-linux-gnu-gcc-5    -DCHECK_FUNCTION_EXISTS=pthread_create   -o CMakeFiles/cmTC_2ebcb.dir/CheckFunctionExists.c.o   -c /usr/share/cmake-3.5/Modules/CheckFunctionExists.c
Linking C executable cmTC_2ebcb
/usr/bin/cmake -E cmake_link_script CMakeFiles/cmTC_2ebcb.dir/link.txt --verbose=1
/usr/bin/x86_64-linux-gnu-gcc-5   -DCHECK_FUNCTION_EXISTS=pthread_create    CMakeFiles/cmTC_2ebcb.dir/CheckFunctionExists.c.o  -o cmTC_2ebcb -rdynamic -lpthreads 
/usr/bin/ld: cannot find -lpthreads
collect2: error: ld returned 1 exit status
CMakeFiles/cmTC_2ebcb.dir/build.make:97: recipe for target 'cmTC_2ebcb' failed
make[1]: *** [cmTC_2ebcb] Error 1
make[1]: Leaving directory '/home/yu/ros/workspace/src/detect_aruco/build/CMakeFiles/CMakeTmp'
Makefile:126: recipe for target 'cmTC_2ebcb/fast' failed
make: *** [cmTC_2ebcb/fast] Error 2


